[08-Jun-2023 07:48:55 UTC] PHP Fatal error:  Cannot redeclare custom_menu_page() (previously declared in D:\Laragon\www\wp-ads\wp-content\plugins\ads\ads.php:10) in D:\Laragon\www\wp-ads\wp-content\plugins\my-app\my-app.php on line 8
[08-Jun-2023 07:48:56 UTC] PHP Fatal error:  Cannot redeclare custom_menu_page() (previously declared in D:\Laragon\www\wp-ads\wp-content\plugins\ads\ads.php:10) in D:\Laragon\www\wp-ads\wp-content\plugins\my-app\my-app.php on line 8
[08-Jun-2023 07:48:56 UTC] PHP Fatal error:  Cannot redeclare custom_menu_page() (previously declared in D:\Laragon\www\wp-ads\wp-content\plugins\ads\ads.php:10) in D:\Laragon\www\wp-ads\wp-content\plugins\my-app\my-app.php on line 8
[08-Jun-2023 07:49:17 UTC] PHP Fatal error:  Cannot redeclare custom_menu_page() (previously declared in D:\Laragon\www\wp-ads\wp-content\plugins\ads\ads.php:10) in D:\Laragon\www\wp-ads\wp-content\plugins\my-app\my-app.php on line 8
[08-Jun-2023 07:49:18 UTC] PHP Fatal error:  Cannot redeclare custom_menu_page() (previously declared in D:\Laragon\www\wp-ads\wp-content\plugins\ads\ads.php:10) in D:\Laragon\www\wp-ads\wp-content\plugins\my-app\my-app.php on line 8
[08-Jun-2023 07:49:18 UTC] PHP Fatal error:  Cannot redeclare custom_menu_page() (previously declared in D:\Laragon\www\wp-ads\wp-content\plugins\ads\ads.php:10) in D:\Laragon\www\wp-ads\wp-content\plugins\my-app\my-app.php on line 8
[08-Jun-2023 07:49:28 UTC] PHP Fatal error:  Cannot redeclare ads() (previously declared in D:\Laragon\www\wp-ads\wp-content\plugins\ads\ads.php:21) in D:\Laragon\www\wp-ads\wp-content\plugins\my-app\my-app.php on line 19
[08-Jun-2023 07:49:29 UTC] PHP Fatal error:  Cannot redeclare ads() (previously declared in D:\Laragon\www\wp-ads\wp-content\plugins\ads\ads.php:21) in D:\Laragon\www\wp-ads\wp-content\plugins\my-app\my-app.php on line 19
[08-Jun-2023 07:49:29 UTC] PHP Fatal error:  Cannot redeclare ads() (previously declared in D:\Laragon\www\wp-ads\wp-content\plugins\ads\ads.php:21) in D:\Laragon\www\wp-ads\wp-content\plugins\my-app\my-app.php on line 19
[08-Jun-2023 07:49:51 UTC] PHP Fatal error:  Cannot redeclare enqueue_react_scripts() (previously declared in D:\Laragon\www\wp-ads\wp-content\plugins\ads\ads.php:30) in D:\Laragon\www\wp-ads\wp-content\plugins\my-app\my-app.php on line 28
[08-Jun-2023 07:49:52 UTC] PHP Fatal error:  Cannot redeclare enqueue_react_scripts() (previously declared in D:\Laragon\www\wp-ads\wp-content\plugins\ads\ads.php:30) in D:\Laragon\www\wp-ads\wp-content\plugins\my-app\my-app.php on line 28
[08-Jun-2023 07:49:52 UTC] PHP Fatal error:  Cannot redeclare enqueue_react_scripts() (previously declared in D:\Laragon\www\wp-ads\wp-content\plugins\ads\ads.php:30) in D:\Laragon\www\wp-ads\wp-content\plugins\my-app\my-app.php on line 28
[09-Jun-2023 01:18:52 UTC] PHP Fatal error:  Uncaught ArgumentCountError: Too few arguments to function plugin_dir_url(), 0 passed in D:\Laragon\www\wp-ads\wp-content\plugins\demo\demo.php on line 12 and exactly 1 expected in D:\Laragon\www\wp-ads\wp-includes\plugin.php:846
Stack trace:
#0 D:\Laragon\www\wp-ads\wp-content\plugins\demo\demo.php(12): plugin_dir_url()
#1 D:\Laragon\www\wp-ads\wp-includes\class-wp-hook.php(308): {closure}('toplevel_page_s...')
#2 D:\Laragon\www\wp-ads\wp-includes\class-wp-hook.php(332): WP_Hook->apply_filters(NULL, Array)
#3 D:\Laragon\www\wp-ads\wp-includes\plugin.php(517): WP_Hook->do_action(Array)
#4 D:\Laragon\www\wp-ads\wp-admin\admin-header.php(118): do_action('admin_enqueue_s...', 'toplevel_page_s...')
#5 D:\Laragon\www\wp-ads\wp-admin\admin.php(239): require_once('D:\\Laragon\\www\\...')
#6 {main}
  thrown in D:\Laragon\www\wp-ads\wp-includes\plugin.php on line 846
[09-Jun-2023 02:05:49 UTC] PHP Warning:  An unexpected error occurred. Something may be wrong with WordPress.org or this server&#8217;s configuration. If you continue to have problems, please try the <a href="https://wordpress.org/support/forums/">support forums</a>. (WordPress could not establish a secure connection to WordPress.org. Please contact your server administrator.) in D:\Laragon\www\wp-ads\wp-includes\update.php on line 447
[09-Jun-2023 04:47:23 UTC] PHP Warning:  dir(D:/Laragon/www/wp-ads/wp-content/plugins/wp-boilerplate-vue-with-vite/node_modules/element-plus/packages/components/collapse/__tests__/,D:/Laragon/www/wp-ads/wp-content/plugins/wp-boilerplate-vue-with-vite/node_modules/element-plus/packages/components/collapse/__tests__/): The system cannot find the path specified. (code: 3) in D:\Laragon\www\wp-ads\wp-admin\includes\class-wp-filesystem-direct.php on line 626
[09-Jun-2023 04:47:23 UTC] PHP Warning:  dir(D:/Laragon/www/wp-ads/wp-content/plugins/wp-boilerplate-vue-with-vite/node_modules/element-plus/packages/components/collapse/__tests__/): failed to open dir: No such file or directory in D:\Laragon\www\wp-ads\wp-admin\includes\class-wp-filesystem-direct.php on line 626
[09-Jun-2023 04:47:23 UTC] PHP Warning:  dir(D:/Laragon/www/wp-ads/wp-content/plugins/wp-boilerplate-vue-with-vite/node_modules/element-plus/packages/components/result/src/,D:/Laragon/www/wp-ads/wp-content/plugins/wp-boilerplate-vue-with-vite/node_modules/element-plus/packages/components/result/src/): The system cannot find the path specified. (code: 3) in D:\Laragon\www\wp-ads\wp-admin\includes\class-wp-filesystem-direct.php on line 626
[09-Jun-2023 04:47:23 UTC] PHP Warning:  dir(D:/Laragon/www/wp-ads/wp-content/plugins/wp-boilerplate-vue-with-vite/node_modules/element-plus/packages/components/result/src/): failed to open dir: No such file or directory in D:\Laragon\www\wp-ads\wp-admin\includes\class-wp-filesystem-direct.php on line 626
[09-Jun-2023 04:47:23 UTC] PHP Warning:  dir(D:/Laragon/www/wp-ads/wp-content/plugins/wp-boilerplate-vue-with-vite/node_modules/element-plus/packages/components/tooltip/__tests__/,D:/Laragon/www/wp-ads/wp-content/plugins/wp-boilerplate-vue-with-vite/node_modules/element-plus/packages/components/tooltip/__tests__/): The system cannot find the path specified. (code: 3) in D:\Laragon\www\wp-ads\wp-admin\includes\class-wp-filesystem-direct.php on line 626
[09-Jun-2023 04:47:23 UTC] PHP Warning:  dir(D:/Laragon/www/wp-ads/wp-content/plugins/wp-boilerplate-vue-with-vite/node_modules/element-plus/packages/components/tooltip/__tests__/): failed to open dir: No such file or directory in D:\Laragon\www\wp-ads\wp-admin\includes\class-wp-filesystem-direct.php on line 626
[09-Jun-2023 04:47:24 UTC] PHP Warning:  dir(D:/Laragon/www/wp-ads/wp-content/plugins/wp-boilerplate-vue-with-vite/node_modules/element-plus/packages/components/upload/style/,D:/Laragon/www/wp-ads/wp-content/plugins/wp-boilerplate-vue-with-vite/node_modules/element-plus/packages/components/upload/style/): The system cannot find the path specified. (code: 3) in D:\Laragon\www\wp-ads\wp-admin\includes\class-wp-filesystem-direct.php on line 626
[09-Jun-2023 04:47:24 UTC] PHP Warning:  dir(D:/Laragon/www/wp-ads/wp-content/plugins/wp-boilerplate-vue-with-vite/node_modules/element-plus/packages/components/upload/style/): failed to open dir: No such file or directory in D:\Laragon\www\wp-ads\wp-admin\includes\class-wp-filesystem-direct.php on line 626
[09-Jun-2023 04:47:25 UTC] PHP Warning:  dir(D:/Laragon/www/wp-ads/wp-content/plugins/wp-boilerplate-vue-with-vite/node_modules/fastq/.github/workflows/,D:/Laragon/www/wp-ads/wp-content/plugins/wp-boilerplate-vue-with-vite/node_modules/fastq/.github/workflows/): The system cannot find the path specified. (code: 3) in D:\Laragon\www\wp-ads\wp-admin\includes\class-wp-filesystem-direct.php on line 626
[09-Jun-2023 04:47:25 UTC] PHP Warning:  dir(D:/Laragon/www/wp-ads/wp-content/plugins/wp-boilerplate-vue-with-vite/node_modules/fastq/.github/workflows/): failed to open dir: No such file or directory in D:\Laragon\www\wp-ads\wp-admin\includes\class-wp-filesystem-direct.php on line 626
[09-Jun-2023 04:47:25 UTC] PHP Warning:  dir(D:/Laragon/www/wp-ads/wp-content/plugins/wp-boilerplate-vue-with-vite/node_modules/has-symbols/.github/,D:/Laragon/www/wp-ads/wp-content/plugins/wp-boilerplate-vue-with-vite/node_modules/has-symbols/.github/): The system cannot find the path specified. (code: 3) in D:\Laragon\www\wp-ads\wp-admin\includes\class-wp-filesystem-direct.php on line 626
[09-Jun-2023 04:47:25 UTC] PHP Warning:  dir(D:/Laragon/www/wp-ads/wp-content/plugins/wp-boilerplate-vue-with-vite/node_modules/has-symbols/.github/): failed to open dir: No such file or directory in D:\Laragon\www\wp-ads\wp-admin\includes\class-wp-filesystem-direct.php on line 626
[09-Jun-2023 04:47:27 UTC] PHP Warning:  dir(D:/Laragon/www/wp-ads/wp-content/plugins/wp-boilerplate-vue-with-vite/node_modules/node-releases/data/release-schedule/,D:/Laragon/www/wp-ads/wp-content/plugins/wp-boilerplate-vue-with-vite/node_modules/node-releases/data/release-schedule/): The system cannot find the path specified. (code: 3) in D:\Laragon\www\wp-ads\wp-admin\includes\class-wp-filesystem-direct.php on line 626
[09-Jun-2023 04:47:27 UTC] PHP Warning:  dir(D:/Laragon/www/wp-ads/wp-content/plugins/wp-boilerplate-vue-with-vite/node_modules/node-releases/data/release-schedule/): failed to open dir: No such file or directory in D:\Laragon\www\wp-ads\wp-admin\includes\class-wp-filesystem-direct.php on line 626
[09-Jun-2023 08:32:16 UTC] PHP Notice:  Undefined index: page in D:\Laragon\www\wp-ads\wp-content\plugins\vite-project\vite-project.php on line 13
[09-Jun-2023 08:32:16 UTC] PHP Notice:  Undefined index: page in D:\Laragon\www\wp-ads\wp-content\plugins\vite-project\vite-project.php on line 13
[12-Jun-2023 07:05:41 UTC] PHP Parse error:  syntax error, unexpected '$data' (T_VARIABLE) in D:\Laragon\www\wp-ads\wp-content\plugins\vite-project\ajax.php on line 7
[12-Jun-2023 08:24:19 UTC] PHP Notice:  Undefined index: config in D:\Laragon\www\wp-ads\wp-content\plugins\vite-project\ajax.php on line 38
[12-Jun-2023 08:24:38 UTC] PHP Notice:  Undefined index: config in D:\Laragon\www\wp-ads\wp-content\plugins\vite-project\ajax.php on line 38
